07/30/2022 15:22:50 - root - INFO - Object of type bytes is not JSON serializable
07/30/2022 15:23:51 - root - INFO - Object of type bytes is not JSON serializable
07/30/2022 15:25:32 - root - INFO - dumps() takes 1 positional argument but 2 were given
07/30/2022 15:25:52 - root - INFO - Object of type bytes is not JSON serializable
07/30/2022 15:28:33 - root - INFO - 'Response' object has no attribute 'toJson'
08/05/2022 10:15:40 - root - INFO - not enough values to unpack (expected 2, got 1)
08/05/2022 10:23:30 - root - INFO - not enough values to unpack (expected 2, got 1)
08/05/2022 10:24:08 - root - INFO - Invalid isoformat string: '06aad-01'
08/05/2022 10:53:10 - root - INFO - Invalid isoformat string: '06aad-01'
08/05/2022 16:46:23 - root - INFO - name 'json' is not defined
08/05/2022 16:46:23 - root - INFO - name 'json' is not defined
08/05/2022 16:46:23 - root - INFO - name 'json' is not defined
08/05/2022 16:49:24 - root - INFO - name 'persist' is not defined
08/05/2022 16:58:27 - root - INFO - name 'persist' is not defined
08/05/2022 17:26:03 - root - INFO - too many values to unpack (expected 2)
08/05/2022 17:28:11 - root - INFO - too many values to unpack (expected 2)
08/05/2022 17:28:57 - root - INFO - too many values to unpack (expected 2)
08/05/2022 17:29:46 - root - INFO - too many values to unpack (expected 2)
08/05/2022 17:31:06 - root - INFO - too many values to unpack (expected 2)
08/05/2022 17:35:37 - root - INFO - too many values to unpack (expected 2)
08/05/2022 17:59:54 - root - INFO - 'id'
08/05/2022 17:59:55 - root - INFO - 'id'
08/05/2022 17:59:55 - root - INFO - 'id'
08/05/2022 17:59:55 - root - INFO - 'id'
08/05/2022 17:59:55 - root - INFO - 'id'
08/05/2022 17:59:55 - root - INFO - 'id'
08/05/2022 17:59:55 - root - INFO - 'id'
08/05/2022 17:59:56 - root - INFO - 'id'
08/05/2022 17:59:56 - root - INFO - 'id'
08/05/2022 17:59:56 - root - INFO - 'id'
08/05/2022 17:59:56 - root - INFO - 'id'
08/05/2022 17:59:56 - root - INFO - 'id'
08/05/2022 17:59:56 - root - INFO - 'id'
08/05/2022 17:59:56 - root - INFO - 'id'
08/06/2022 12:03:49 - root - INFO - too many values to unpack (expected 2)
08/06/2022 12:06:22 - root - INFO - 'id'
08/06/2022 12:06:22 - root - INFO - 'id'
08/06/2022 12:06:22 - root - INFO - 'id'
08/06/2022 12:06:22 - root - INFO - 'id'
08/06/2022 12:06:23 - root - INFO - 'id'
08/06/2022 12:06:23 - root - INFO - 'id'
08/06/2022 12:06:23 - root - INFO - 'id'
08/06/2022 12:06:23 - root - INFO - 'id'
08/06/2022 12:06:23 - root - INFO - 'id'
08/06/2022 12:06:23 - root - INFO - 'id'
08/06/2022 12:06:24 - root - INFO - 'id'
08/06/2022 12:06:24 - root - INFO - 'id'
08/06/2022 12:06:24 - root - INFO - 'id'
08/06/2022 12:06:24 - root - INFO - 'id'
08/06/2022 12:06:24 - root - INFO - 'id'
08/06/2022 12:06:24 - root - INFO - 'id'
08/06/2022 12:06:25 - root - INFO - 'id'
08/06/2022 12:06:25 - root - INFO - 'id'
08/06/2022 12:06:25 - root - INFO - 'id'
08/06/2022 12:06:25 - root - INFO - 'id'
08/06/2022 12:06:25 - root - INFO - 'id'
08/06/2022 12:06:25 - root - INFO - 'id'
08/06/2022 12:06:26 - root - INFO - 'id'
08/06/2022 12:06:26 - root - INFO - 'id'
08/06/2022 12:06:26 - root - INFO - 'id'
08/06/2022 12:06:26 - root - INFO - 'id'
08/06/2022 12:06:26 - root - INFO - 'id'
08/06/2022 12:06:26 - root - INFO - 'id'
08/06/2022 12:06:27 - root - INFO - 'id'
08/06/2022 12:06:27 - root - INFO - 'id'
08/06/2022 12:06:27 - root - INFO - 'id'
08/06/2022 12:06:27 - root - INFO - 'id'
08/06/2022 12:06:27 - root - INFO - 'id'
08/06/2022 12:06:28 - root - INFO - 'id'
08/06/2022 12:06:28 - root - INFO - 'id'
08/06/2022 12:06:28 - root - INFO - 'id'
08/06/2022 12:06:28 - root - INFO - 'id'
08/06/2022 12:06:28 - root - INFO - 'id'
08/06/2022 12:06:28 - root - INFO - 'id'
08/06/2022 12:06:29 - root - INFO - 'id'
08/06/2022 12:06:29 - root - INFO - 'id'
08/06/2022 12:06:29 - root - INFO - 'id'
08/06/2022 12:06:29 - root - INFO - 'id'
08/06/2022 12:06:29 - root - INFO - 'id'
08/06/2022 12:06:29 - root - INFO - 'id'
08/06/2022 12:06:30 - root - INFO - 'id'
08/06/2022 12:06:30 - root - INFO - 'id'
08/06/2022 12:06:30 - root - INFO - 'id'
08/06/2022 12:06:30 - root - INFO - 'id'
08/06/2022 12:06:31 - root - INFO - 'id'
08/06/2022 12:06:31 - root - INFO - 'id'
08/06/2022 12:06:31 - root - INFO - 'id'
08/06/2022 12:06:31 - root - INFO - 'id'
08/06/2022 12:06:31 - root - INFO - 'id'
08/06/2022 12:06:31 - root - INFO - 'id'
08/06/2022 12:06:32 - root - INFO - 'id'
08/06/2022 12:06:32 - root - INFO - 'id'
08/06/2022 12:06:32 - root - INFO - 'id'
08/06/2022 12:06:32 - root - INFO - 'id'
08/06/2022 12:06:32 - root - INFO - 'id'
08/06/2022 12:06:32 - root - INFO - 'id'
08/06/2022 12:06:32 - root - INFO - 'id'
08/06/2022 12:06:33 - root - INFO - 'id'
08/06/2022 12:06:33 - root - INFO - 'id'
08/06/2022 12:06:33 - root - INFO - 'id'
08/06/2022 12:06:33 - root - INFO - 'id'
08/06/2022 12:06:33 - root - INFO - 'id'
08/06/2022 12:09:14 - root - INFO - 'id'
08/06/2022 12:09:14 - root - INFO - 'id'
08/06/2022 12:09:15 - root - INFO - 'id'
08/06/2022 12:09:15 - root - INFO - 'id'
08/06/2022 12:09:15 - root - INFO - 'id'
08/06/2022 12:09:15 - root - INFO - 'id'
08/06/2022 12:09:15 - root - INFO - 'id'
08/06/2022 12:09:15 - root - INFO - 'id'
08/06/2022 12:09:15 - root - INFO - 'id'
08/06/2022 12:09:15 - root - INFO - 'id'
08/06/2022 12:09:16 - root - INFO - 'id'
08/06/2022 12:09:16 - root - INFO - 'id'
08/06/2022 12:09:16 - root - INFO - 'id'
08/06/2022 12:09:16 - root - INFO - 'id'
08/06/2022 12:09:16 - root - INFO - 'id'
08/06/2022 12:09:16 - root - INFO - 'id'
08/06/2022 12:09:16 - root - INFO - 'id'
08/06/2022 12:09:16 - root - INFO - 'id'
08/06/2022 12:09:17 - root - INFO - 'id'
08/06/2022 12:09:17 - root - INFO - 'id'
08/06/2022 12:09:17 - root - INFO - 'id'
08/06/2022 12:09:17 - root - INFO - 'id'
08/06/2022 12:09:55 - root - INFO - 'id'
08/06/2022 12:09:55 - root - INFO - 'id'
08/06/2022 12:09:56 - root - INFO - 'id'
08/06/2022 12:09:56 - root - INFO - 'id'
08/06/2022 12:09:56 - root - INFO - 'id'
08/06/2022 12:09:56 - root - INFO - 'id'
08/06/2022 12:09:56 - root - INFO - 'id'
08/06/2022 12:09:57 - root - INFO - 'id'
08/06/2022 12:09:57 - root - INFO - 'id'
08/06/2022 12:09:57 - root - INFO - 'id'
08/06/2022 12:09:57 - root - INFO - 'id'
08/06/2022 12:09:57 - root - INFO - 'id'
08/06/2022 12:09:57 - root - INFO - 'id'
08/06/2022 12:09:57 - root - INFO - 'id'
08/06/2022 12:09:57 - root - INFO - 'id'
08/06/2022 12:09:58 - root - INFO - 'id'
08/06/2022 12:09:58 - root - INFO - 'id'
08/06/2022 12:09:58 - root - INFO - 'id'
08/06/2022 12:09:58 - root - INFO - 'id'
08/06/2022 12:09:58 - root - INFO - 'id'
08/06/2022 12:09:58 - root - INFO - 'id'
08/06/2022 12:09:58 - root - INFO - 'id'
08/06/2022 12:09:58 - root - INFO - 'id'
08/06/2022 12:09:59 - root - INFO - 'id'
08/06/2022 12:09:59 - root - INFO - 'id'
08/06/2022 12:09:59 - root - INFO - 'id'
08/06/2022 12:09:59 - root - INFO - 'id'
08/06/2022 12:09:59 - root - INFO - 'id'
08/06/2022 12:09:59 - root - INFO - 'id'
08/06/2022 12:09:59 - root - INFO - 'id'
08/06/2022 12:09:59 - root - INFO - 'id'
08/06/2022 12:09:59 - root - INFO - 'id'
08/06/2022 12:10:00 - root - INFO - 'id'
08/06/2022 12:10:00 - root - INFO - 'id'
08/06/2022 12:10:00 - root - INFO - 'id'
08/06/2022 12:10:00 - root - INFO - 'id'
08/06/2022 12:10:00 - root - INFO - 'id'
08/06/2022 12:10:00 - root - INFO - 'id'
08/06/2022 12:10:00 - root - INFO - 'id'
08/06/2022 12:10:00 - root - INFO - 'id'
08/06/2022 12:10:01 - root - INFO - 'id'
08/06/2022 12:10:01 - root - INFO - 'id'
08/06/2022 12:10:01 - root - INFO - 'id'
08/06/2022 12:10:01 - root - INFO - 'id'
08/06/2022 12:10:01 - root - INFO - 'id'
08/06/2022 12:10:01 - root - INFO - 'id'
08/06/2022 12:10:01 - root - INFO - 'id'
08/06/2022 12:10:01 - root - INFO - 'id'
08/06/2022 12:10:02 - root - INFO - 'id'
08/06/2022 12:10:02 - root - INFO - 'id'
08/06/2022 12:10:02 - root - INFO - 'id'
08/06/2022 12:10:02 - root - INFO - 'id'
08/06/2022 12:10:02 - root - INFO - 'id'
08/06/2022 12:10:02 - root - INFO - 'id'
08/06/2022 12:10:02 - root - INFO - 'id'
08/06/2022 12:10:02 - root - INFO - 'id'
08/06/2022 12:10:03 - root - INFO - 'id'
08/06/2022 12:10:03 - root - INFO - 'id'
08/06/2022 12:10:03 - root - INFO - 'id'
08/06/2022 12:10:03 - root - INFO - 'id'
08/06/2022 12:10:03 - root - INFO - 'id'
08/06/2022 12:10:03 - root - INFO - 'id'
08/06/2022 12:10:03 - root - INFO - 'id'
08/06/2022 12:10:03 - root - INFO - 'id'
08/06/2022 12:10:04 - root - INFO - 'id'
08/06/2022 12:10:04 - root - INFO - 'id'
08/06/2022 12:10:04 - root - INFO - 'id'
08/06/2022 12:12:45 - root - INFO - 'id'
08/06/2022 12:12:45 - root - INFO - 'id'
08/06/2022 12:12:45 - root - INFO - 'id'
08/06/2022 12:12:46 - root - INFO - 'id'
08/06/2022 12:12:46 - root - INFO - 'id'
08/06/2022 12:12:46 - root - INFO - 'id'
08/06/2022 12:12:47 - root - INFO - 'id'
08/06/2022 12:12:47 - root - INFO - 'id'
08/06/2022 12:12:47 - root - INFO - 'id'
08/06/2022 12:12:48 - root - INFO - 'id'
08/06/2022 12:12:48 - root - INFO - 'id'
08/06/2022 12:12:48 - root - INFO - 'id'
08/06/2022 12:12:49 - root - INFO - 'id'
08/06/2022 12:12:49 - root - INFO - 'id'
08/06/2022 12:12:49 - root - INFO - 'id'
08/06/2022 12:12:49 - root - INFO - 'id'
08/06/2022 12:12:50 - root - INFO - 'id'
08/06/2022 12:12:50 - root - INFO - 'id'
08/06/2022 12:12:50 - root - INFO - 'id'
08/06/2022 12:12:51 - root - INFO - 'id'
08/06/2022 12:12:51 - root - INFO - 'id'
08/06/2022 12:12:52 - root - INFO - 'id'
08/06/2022 12:12:52 - root - INFO - 'id'
08/06/2022 12:12:52 - root - INFO - 'id'
08/06/2022 12:12:53 - root - INFO - 'id'
08/06/2022 12:12:53 - root - INFO - 'id'
08/06/2022 12:12:53 - root - INFO - 'id'
08/06/2022 12:12:54 - root - INFO - 'id'
08/06/2022 12:12:54 - root - INFO - 'id'
08/06/2022 12:12:54 - root - INFO - 'id'
08/06/2022 12:12:55 - root - INFO - 'id'
08/06/2022 12:12:55 - root - INFO - 'id'
08/06/2022 12:12:56 - root - INFO - 'id'
08/06/2022 12:12:56 - root - INFO - 'id'
08/06/2022 12:12:57 - root - INFO - 'id'
08/06/2022 12:12:57 - root - INFO - 'id'
08/06/2022 12:12:57 - root - INFO - 'id'
08/06/2022 12:12:57 - root - INFO - 'id'
08/06/2022 12:12:58 - root - INFO - 'id'
08/06/2022 12:12:58 - root - INFO - 'id'
08/06/2022 12:12:58 - root - INFO - 'id'
08/06/2022 12:12:59 - root - INFO - 'id'
08/06/2022 12:13:00 - root - INFO - 'id'
08/06/2022 12:13:00 - root - INFO - 'id'
08/06/2022 12:13:00 - root - INFO - 'id'
08/06/2022 12:13:01 - root - INFO - 'id'
08/06/2022 12:13:01 - root - INFO - 'id'
08/06/2022 12:13:01 - root - INFO - 'id'
08/06/2022 12:13:01 - root - INFO - 'id'
08/06/2022 12:13:01 - root - INFO - 'id'
08/06/2022 12:13:01 - root - INFO - 'id'
08/06/2022 12:13:01 - root - INFO - 'id'
08/06/2022 12:13:01 - root - INFO - 'id'
08/06/2022 12:13:02 - root - INFO - 'id'
08/06/2022 12:13:02 - root - INFO - 'id'
08/06/2022 12:13:02 - root - INFO - 'id'
08/06/2022 12:13:02 - root - INFO - 'id'
08/06/2022 12:13:02 - root - INFO - 'id'
08/06/2022 12:13:02 - root - INFO - 'id'
08/06/2022 12:13:02 - root - INFO - 'id'
08/06/2022 12:13:02 - root - INFO - 'id'
08/06/2022 12:13:03 - root - INFO - 'id'
08/06/2022 12:13:03 - root - INFO - 'id'
08/06/2022 12:13:03 - root - INFO - 'id'
08/06/2022 12:13:03 - root - INFO - 'id'
08/06/2022 12:13:03 - root - INFO - 'id'
08/06/2022 12:13:03 - root - INFO - 'id'
08/06/2022 12:14:37 - root - INFO - 'id'
08/06/2022 12:14:37 - root - INFO - 'id'
08/06/2022 12:14:38 - root - INFO - 'id'
08/06/2022 12:14:38 - root - INFO - 'id'
08/06/2022 12:14:38 - root - INFO - 'id'
08/06/2022 12:14:38 - root - INFO - 'id'
08/06/2022 12:14:38 - root - INFO - 'id'
08/06/2022 12:14:38 - root - INFO - 'id'
08/06/2022 12:14:38 - root - INFO - 'id'
08/06/2022 12:14:38 - root - INFO - 'id'
08/06/2022 12:14:39 - root - INFO - 'id'
08/06/2022 12:14:39 - root - INFO - 'id'
08/06/2022 12:14:39 - root - INFO - 'id'
08/06/2022 12:14:39 - root - INFO - 'id'
08/06/2022 12:14:39 - root - INFO - 'id'
08/06/2022 12:14:39 - root - INFO - 'id'
08/06/2022 12:14:39 - root - INFO - 'id'
08/06/2022 12:14:39 - root - INFO - 'id'
08/06/2022 12:14:39 - root - INFO - 'id'
08/06/2022 12:14:40 - root - INFO - 'id'
08/06/2022 12:14:40 - root - INFO - 'id'
08/06/2022 12:14:40 - root - INFO - 'id'
08/06/2022 12:14:40 - root - INFO - 'id'
08/06/2022 12:14:40 - root - INFO - 'id'
08/06/2022 12:14:40 - root - INFO - 'id'
08/06/2022 12:14:40 - root - INFO - 'id'
08/06/2022 12:14:40 - root - INFO - 'id'
08/06/2022 12:14:41 - root - INFO - 'id'
08/06/2022 12:14:41 - root - INFO - 'id'
08/06/2022 12:14:41 - root - INFO - 'id'
08/06/2022 12:14:41 - root - INFO - 'id'
08/06/2022 12:14:41 - root - INFO - 'id'
08/06/2022 12:16:48 - root - INFO - 'id'
08/06/2022 12:16:48 - root - INFO - 'id'
08/06/2022 12:16:49 - root - INFO - 'id'
08/06/2022 12:16:49 - root - INFO - 'id'
08/06/2022 12:16:49 - root - INFO - 'id'
08/06/2022 12:16:50 - root - INFO - 'id'
08/06/2022 12:16:51 - root - INFO - 'id'
08/06/2022 12:16:51 - root - INFO - 'id'
08/06/2022 12:16:52 - root - INFO - 'id'
08/06/2022 12:16:52 - root - INFO - 'id'
08/06/2022 12:16:53 - root - INFO - 'id'
08/06/2022 12:16:53 - root - INFO - 'id'
08/06/2022 12:16:53 - root - INFO - 'id'
08/06/2022 12:16:54 - root - INFO - 'id'
08/06/2022 12:16:54 - root - INFO - 'id'
08/06/2022 12:16:54 - root - INFO - 'id'
08/06/2022 12:16:55 - root - INFO - 'id'
08/06/2022 12:16:55 - root - INFO - 'id'
08/06/2022 12:16:56 - root - INFO - 'id'
08/06/2022 12:16:56 - root - INFO - 'id'
08/06/2022 12:16:57 - root - INFO - 'id'
08/06/2022 12:16:57 - root - INFO - 'id'
08/06/2022 12:16:57 - root - INFO - 'id'
08/06/2022 12:16:57 - root - INFO - 'id'
08/06/2022 12:16:58 - root - INFO - 'id'
08/06/2022 12:16:58 - root - INFO - 'id'
08/06/2022 12:16:58 - root - INFO - 'id'
08/06/2022 12:16:59 - root - INFO - 'id'
08/06/2022 12:16:59 - root - INFO - 'id'
08/06/2022 12:16:59 - root - INFO - 'id'
08/06/2022 12:17:00 - root - INFO - 'id'
08/06/2022 12:17:00 - root - INFO - 'id'
08/06/2022 12:18:19 - root - INFO - 'id'
08/06/2022 12:18:19 - root - INFO - 'id'
08/06/2022 12:18:19 - root - INFO - 'id'
08/06/2022 12:18:20 - root - INFO - 'id'
08/06/2022 12:18:20 - root - INFO - 'id'
08/06/2022 12:18:21 - root - INFO - 'id'
08/06/2022 12:18:21 - root - INFO - 'id'
08/06/2022 12:18:21 - root - INFO - 'id'
08/06/2022 12:18:22 - root - INFO - 'id'
08/06/2022 12:18:22 - root - INFO - 'id'
08/06/2022 12:18:22 - root - INFO - 'id'
08/06/2022 12:18:23 - root - INFO - 'id'
08/06/2022 12:18:24 - root - INFO - 'id'
08/06/2022 12:18:24 - root - INFO - 'id'
08/06/2022 12:18:24 - root - INFO - 'id'
08/06/2022 12:18:24 - root - INFO - 'id'
08/06/2022 12:18:25 - root - INFO - 'id'
08/06/2022 12:18:25 - root - INFO - 'id'
08/06/2022 12:18:25 - root - INFO - 'id'
08/06/2022 12:18:26 - root - INFO - 'id'
08/06/2022 12:18:26 - root - INFO - 'id'
08/06/2022 12:18:26 - root - INFO - 'id'
08/06/2022 12:18:27 - root - INFO - 'id'
08/06/2022 12:18:27 - root - INFO - 'id'
08/06/2022 12:18:27 - root - INFO - 'id'
08/06/2022 12:18:28 - root - INFO - 'id'
08/06/2022 12:18:28 - root - INFO - 'id'
08/06/2022 12:18:28 - root - INFO - 'id'
08/06/2022 12:18:28 - root - INFO - 'id'
08/06/2022 12:18:29 - root - INFO - 'id'
08/06/2022 12:18:29 - root - INFO - 'id'
08/06/2022 12:18:29 - root - INFO - 'id'
08/06/2022 15:52:46 - root - INFO - expected str, bytes or os.PathLike object, not dict
08/06/2022 15:53:39 - root - INFO - expected str, bytes or os.PathLike object, not dict
08/06/2022 15:56:29 - root - INFO - expected str, bytes or os.PathLike object, not dict
08/06/2022 16:10:43 - root - INFO - [Errno 2] No such file or directory: 'bitcoin_01-06-2022.json'
08/06/2022 16:10:43 - root - INFO - [Errno 2] No such file or directory: 'bitcoin_02-06-2022.json'
08/06/2022 16:10:44 - root - INFO - [Errno 2] No such file or directory: 'bitcoin_03-06-2022.json'
08/06/2022 16:10:44 - root - INFO - [Errno 2] No such file or directory: 'bitcoin_04-06-2022.json'
08/06/2022 16:10:45 - root - INFO - [Errno 2] No such file or directory: 'bitcoin_05-06-2022.json'
08/06/2022 16:10:45 - root - INFO - [Errno 2] No such file or directory: 'bitcoin_06-06-2022.json'
08/06/2022 16:10:46 - root - INFO - [Errno 2] No such file or directory: 'bitcoin_07-06-2022.json'
08/06/2022 16:10:46 - root - INFO - [Errno 2] No such file or directory: 'bitcoin_08-06-2022.json'
08/06/2022 16:10:47 - root - INFO - [Errno 2] No such file or directory: 'bitcoin_09-06-2022.json'
08/06/2022 16:10:47 - root - INFO - [Errno 2] No such file or directory: 'bitcoin_10-06-2022.json'
08/06/2022 16:10:48 - root - INFO - [Errno 2] No such file or directory: 'bitcoin_11-06-2022.json'
08/06/2022 16:10:48 - root - INFO - [Errno 2] No such file or directory: 'bitcoin_12-06-2022.json'
08/06/2022 16:10:49 - root - INFO - [Errno 2] No such file or directory: 'bitcoin_13-06-2022.json'
08/06/2022 16:10:49 - root - INFO - [Errno 2] No such file or directory: 'bitcoin_14-06-2022.json'
08/06/2022 16:10:49 - root - INFO - [Errno 2] No such file or directory: 'bitcoin_15-06-2022.json'
08/06/2022 16:10:50 - root - INFO - [Errno 2] No such file or directory: 'bitcoin_16-06-2022.json'
08/06/2022 16:10:50 - root - INFO - [Errno 2] No such file or directory: 'bitcoin_17-06-2022.json'
08/06/2022 16:10:50 - root - INFO - [Errno 2] No such file or directory: 'bitcoin_18-06-2022.json'
08/06/2022 16:10:51 - root - INFO - [Errno 2] No such file or directory: 'bitcoin_19-06-2022.json'
08/06/2022 16:10:51 - root - INFO - [Errno 2] No such file or directory: 'bitcoin_20-06-2022.json'
08/06/2022 16:10:52 - root - INFO - [Errno 2] No such file or directory: 'bitcoin_21-06-2022.json'
08/06/2022 16:10:53 - root - INFO - [Errno 2] No such file or directory: 'bitcoin_22-06-2022.json'
08/06/2022 16:10:53 - root - INFO - [Errno 2] No such file or directory: 'bitcoin_23-06-2022.json'
08/06/2022 16:10:53 - root - INFO - [Errno 2] No such file or directory: 'bitcoin_24-06-2022.json'
08/06/2022 16:10:54 - root - INFO - [Errno 2] No such file or directory: 'bitcoin_25-06-2022.json'
08/06/2022 16:10:54 - root - INFO - [Errno 2] No such file or directory: 'bitcoin_26-06-2022.json'
08/06/2022 16:10:54 - root - INFO - [Errno 2] No such file or directory: 'bitcoin_27-06-2022.json'
08/06/2022 16:10:55 - root - INFO - [Errno 2] No such file or directory: 'bitcoin_28-06-2022.json'
08/06/2022 16:10:55 - root - INFO - [Errno 2] No such file or directory: 'bitcoin_29-06-2022.json'
08/06/2022 16:10:56 - root - INFO - [Errno 2] No such file or directory: 'bitcoin_30-06-2022.json'
08/06/2022 16:10:56 - root - INFO - [Errno 2] No such file or directory: 'bitcoin_01-07-2022.json'
08/06/2022 16:10:56 - root - INFO - [Errno 2] No such file or directory: 'bitcoin_02-07-2022.json'
08/06/2022 16:10:57 - root - INFO - [Errno 2] No such file or directory: 'bitcoin_03-07-2022.json'
08/06/2022 16:10:57 - root - INFO - [Errno 2] No such file or directory: 'bitcoin_04-07-2022.json'
08/06/2022 16:10:57 - root - INFO - [Errno 2] No such file or directory: 'bitcoin_05-07-2022.json'
08/06/2022 16:10:58 - root - INFO - [Errno 2] No such file or directory: 'bitcoin_06-07-2022.json'
08/06/2022 16:10:58 - root - INFO - [Errno 2] No such file or directory: 'bitcoin_07-07-2022.json'
08/06/2022 16:10:58 - root - INFO - [Errno 2] No such file or directory: 'bitcoin_08-07-2022.json'
08/06/2022 16:10:59 - root - INFO - [Errno 2] No such file or directory: 'bitcoin_09-07-2022.json'
08/06/2022 16:11:00 - root - INFO - [Errno 2] No such file or directory: 'bitcoin_10-07-2022.json'
08/06/2022 16:11:00 - root - INFO - [Errno 2] No such file or directory: 'bitcoin_11-07-2022.json'
08/06/2022 16:11:01 - root - INFO - [Errno 2] No such file or directory: 'bitcoin_12-07-2022.json'
08/06/2022 16:11:01 - root - INFO - [Errno 2] No such file or directory: 'bitcoin_13-07-2022.json'
08/06/2022 16:11:03 - root - INFO - [Errno 2] No such file or directory: 'bitcoin_14-07-2022.json'
08/06/2022 16:11:04 - root - INFO - [Errno 2] No such file or directory: 'bitcoin_15-07-2022.json'
08/06/2022 16:11:04 - root - INFO - [Errno 2] No such file or directory: 'bitcoin_16-07-2022.json'
08/06/2022 16:11:05 - root - INFO - [Errno 2] No such file or directory: 'bitcoin_17-07-2022.json'
08/06/2022 16:11:05 - root - INFO - [Errno 2] No such file or directory: 'bitcoin_18-07-2022.json'
08/06/2022 16:11:05 - root - INFO - [Errno 2] No such file or directory: 'bitcoin_19-07-2022.json'
08/06/2022 16:11:06 - root - INFO - [Errno 2] No such file or directory: 'bitcoin_20-07-2022.json'
08/06/2022 16:11:06 - root - INFO - [Errno 2] No such file or directory: 'bitcoin_21-07-2022.json'
08/06/2022 16:11:06 - root - INFO - [Errno 2] No such file or directory: 'bitcoin_22-07-2022.json'
08/06/2022 16:11:06 - root - INFO - [Errno 2] No such file or directory: 'bitcoin_23-07-2022.json'
08/06/2022 16:11:06 - root - INFO - [Errno 2] No such file or directory: 'bitcoin_24-07-2022.json'
08/06/2022 16:11:06 - root - INFO - [Errno 2] No such file or directory: 'bitcoin_25-07-2022.json'
08/06/2022 16:11:06 - root - INFO - [Errno 2] No such file or directory: 'bitcoin_26-07-2022.json'
08/06/2022 16:11:07 - root - INFO - [Errno 2] No such file or directory: 'bitcoin_27-07-2022.json'
08/06/2022 16:11:07 - root - INFO - [Errno 2] No such file or directory: 'bitcoin_28-07-2022.json'
08/06/2022 16:11:07 - root - INFO - [Errno 2] No such file or directory: 'bitcoin_29-07-2022.json'
08/06/2022 16:11:07 - root - INFO - [Errno 2] No such file or directory: 'bitcoin_30-07-2022.json'
08/06/2022 16:11:07 - root - INFO - [Errno 2] No such file or directory: 'bitcoin_31-07-2022.json'
08/06/2022 16:11:07 - root - INFO - [Errno 2] No such file or directory: 'bitcoin_01-08-2022.json'
08/06/2022 16:11:07 - root - INFO - [Errno 2] No such file or directory: 'bitcoin_02-08-2022.json'
08/06/2022 16:11:07 - root - INFO - [Errno 2] No such file or directory: 'bitcoin_03-08-2022.json'
08/06/2022 16:11:07 - root - INFO - [Errno 2] No such file or directory: 'bitcoin_04-08-2022.json'
08/06/2022 16:11:08 - root - INFO - [Errno 2] No such file or directory: 'bitcoin_05-08-2022.json'
08/06/2022 16:11:08 - root - INFO - [Errno 2] No such file or directory: 'bitcoin_06-08-2022.json'
08/06/2022 16:19:24 - root - INFO - name 'current_file' is not defined
08/06/2022 16:19:24 - root - INFO - [Errno 2] No such file or directory: '/Users/foxtrot/Desktop/command_line_crypto_app/command_line_crypto_app/json_files/json_files'
08/06/2022 16:19:24 - root - INFO - [Errno 2] No such file or directory: '/Users/foxtrot/Desktop/command_line_crypto_app/command_line_crypto_app/json_files/json_files'
08/06/2022 16:19:25 - root - INFO - [Errno 2] No such file or directory: '/Users/foxtrot/Desktop/command_line_crypto_app/command_line_crypto_app/json_files/json_files'
08/06/2022 16:19:25 - root - INFO - [Errno 2] No such file or directory: '/Users/foxtrot/Desktop/command_line_crypto_app/command_line_crypto_app/json_files/json_files'
08/06/2022 16:19:25 - root - INFO - [Errno 2] No such file or directory: '/Users/foxtrot/Desktop/command_line_crypto_app/command_line_crypto_app/json_files/json_files'
08/06/2022 16:19:25 - root - INFO - [Errno 2] No such file or directory: '/Users/foxtrot/Desktop/command_line_crypto_app/command_line_crypto_app/json_files/json_files'
08/06/2022 16:19:25 - root - INFO - [Errno 2] No such file or directory: '/Users/foxtrot/Desktop/command_line_crypto_app/command_line_crypto_app/json_files/json_files'
08/06/2022 16:19:25 - root - INFO - [Errno 2] No such file or directory: '/Users/foxtrot/Desktop/command_line_crypto_app/command_line_crypto_app/json_files/json_files'
08/06/2022 16:19:25 - root - INFO - [Errno 2] No such file or directory: '/Users/foxtrot/Desktop/command_line_crypto_app/command_line_crypto_app/json_files/json_files'
08/06/2022 16:19:25 - root - INFO - [Errno 2] No such file or directory: '/Users/foxtrot/Desktop/command_line_crypto_app/command_line_crypto_app/json_files/json_files'
08/06/2022 16:19:26 - root - INFO - [Errno 2] No such file or directory: '/Users/foxtrot/Desktop/command_line_crypto_app/command_line_crypto_app/json_files/json_files'
08/06/2022 16:19:26 - root - INFO - [Errno 2] No such file or directory: '/Users/foxtrot/Desktop/command_line_crypto_app/command_line_crypto_app/json_files/json_files'
08/06/2022 16:19:26 - root - INFO - [Errno 2] No such file or directory: '/Users/foxtrot/Desktop/command_line_crypto_app/command_line_crypto_app/json_files/json_files'
08/06/2022 16:19:26 - root - INFO - [Errno 2] No such file or directory: '/Users/foxtrot/Desktop/command_line_crypto_app/command_line_crypto_app/json_files/json_files'
08/06/2022 16:19:26 - root - INFO - [Errno 2] No such file or directory: '/Users/foxtrot/Desktop/command_line_crypto_app/command_line_crypto_app/json_files/json_files'
08/06/2022 16:19:26 - root - INFO - [Errno 2] No such file or directory: '/Users/foxtrot/Desktop/command_line_crypto_app/command_line_crypto_app/json_files/json_files'
08/06/2022 16:19:26 - root - INFO - [Errno 2] No such file or directory: '/Users/foxtrot/Desktop/command_line_crypto_app/command_line_crypto_app/json_files/json_files'
08/06/2022 16:19:26 - root - INFO - [Errno 2] No such file or directory: '/Users/foxtrot/Desktop/command_line_crypto_app/command_line_crypto_app/json_files/json_files'
08/06/2022 16:19:27 - root - INFO - [Errno 2] No such file or directory: '/Users/foxtrot/Desktop/command_line_crypto_app/command_line_crypto_app/json_files/json_files'
08/06/2022 16:19:27 - root - INFO - [Errno 2] No such file or directory: '/Users/foxtrot/Desktop/command_line_crypto_app/command_line_crypto_app/json_files/json_files'
08/06/2022 16:19:27 - root - INFO - [Errno 2] No such file or directory: '/Users/foxtrot/Desktop/command_line_crypto_app/command_line_crypto_app/json_files/json_files'
08/06/2022 16:19:27 - root - INFO - [Errno 2] No such file or directory: '/Users/foxtrot/Desktop/command_line_crypto_app/command_line_crypto_app/json_files/json_files'
08/06/2022 16:19:27 - root - INFO - [Errno 2] No such file or directory: '/Users/foxtrot/Desktop/command_line_crypto_app/command_line_crypto_app/json_files/json_files'
08/06/2022 16:19:27 - root - INFO - [Errno 2] No such file or directory: '/Users/foxtrot/Desktop/command_line_crypto_app/command_line_crypto_app/json_files/json_files'
08/06/2022 16:19:27 - root - INFO - [Errno 2] No such file or directory: '/Users/foxtrot/Desktop/command_line_crypto_app/command_line_crypto_app/json_files/json_files'
08/06/2022 16:19:27 - root - INFO - [Errno 2] No such file or directory: '/Users/foxtrot/Desktop/command_line_crypto_app/command_line_crypto_app/json_files/json_files'
08/06/2022 16:19:27 - root - INFO - [Errno 2] No such file or directory: '/Users/foxtrot/Desktop/command_line_crypto_app/command_line_crypto_app/json_files/json_files'
08/06/2022 16:19:28 - root - INFO - [Errno 2] No such file or directory: '/Users/foxtrot/Desktop/command_line_crypto_app/command_line_crypto_app/json_files/json_files'
08/06/2022 16:19:28 - root - INFO - [Errno 2] No such file or directory: '/Users/foxtrot/Desktop/command_line_crypto_app/command_line_crypto_app/json_files/json_files'
08/06/2022 16:19:28 - root - INFO - [Errno 2] No such file or directory: '/Users/foxtrot/Desktop/command_line_crypto_app/command_line_crypto_app/json_files/json_files'
08/06/2022 16:19:28 - root - INFO - [Errno 2] No such file or directory: '/Users/foxtrot/Desktop/command_line_crypto_app/command_line_crypto_app/json_files/json_files'
08/06/2022 16:19:28 - root - INFO - [Errno 2] No such file or directory: '/Users/foxtrot/Desktop/command_line_crypto_app/command_line_crypto_app/json_files/json_files'
08/06/2022 16:19:28 - root - INFO - [Errno 2] No such file or directory: '/Users/foxtrot/Desktop/command_line_crypto_app/command_line_crypto_app/json_files/json_files'
08/06/2022 16:19:28 - root - INFO - [Errno 2] No such file or directory: '/Users/foxtrot/Desktop/command_line_crypto_app/command_line_crypto_app/json_files/json_files'
08/06/2022 16:19:28 - root - INFO - [Errno 2] No such file or directory: '/Users/foxtrot/Desktop/command_line_crypto_app/command_line_crypto_app/json_files/json_files'
08/06/2022 16:19:28 - root - INFO - [Errno 2] No such file or directory: '/Users/foxtrot/Desktop/command_line_crypto_app/command_line_crypto_app/json_files/json_files'
08/06/2022 16:19:29 - root - INFO - [Errno 2] No such file or directory: '/Users/foxtrot/Desktop/command_line_crypto_app/command_line_crypto_app/json_files/json_files'
08/06/2022 16:19:29 - root - INFO - [Errno 2] No such file or directory: '/Users/foxtrot/Desktop/command_line_crypto_app/command_line_crypto_app/json_files/json_files'
08/06/2022 16:19:29 - root - INFO - [Errno 2] No such file or directory: '/Users/foxtrot/Desktop/command_line_crypto_app/command_line_crypto_app/json_files/json_files'
08/06/2022 16:19:29 - root - INFO - [Errno 2] No such file or directory: '/Users/foxtrot/Desktop/command_line_crypto_app/command_line_crypto_app/json_files/json_files'
08/06/2022 16:19:29 - root - INFO - [Errno 2] No such file or directory: '/Users/foxtrot/Desktop/command_line_crypto_app/command_line_crypto_app/json_files/json_files'
08/06/2022 16:19:29 - root - INFO - [Errno 2] No such file or directory: '/Users/foxtrot/Desktop/command_line_crypto_app/command_line_crypto_app/json_files/json_files'
08/06/2022 16:19:29 - root - INFO - [Errno 2] No such file or directory: '/Users/foxtrot/Desktop/command_line_crypto_app/command_line_crypto_app/json_files/json_files'
08/06/2022 16:19:29 - root - INFO - [Errno 2] No such file or directory: '/Users/foxtrot/Desktop/command_line_crypto_app/command_line_crypto_app/json_files/json_files'
08/06/2022 16:19:29 - root - INFO - [Errno 2] No such file or directory: '/Users/foxtrot/Desktop/command_line_crypto_app/command_line_crypto_app/json_files/json_files'
08/06/2022 16:19:30 - root - INFO - [Errno 2] No such file or directory: '/Users/foxtrot/Desktop/command_line_crypto_app/command_line_crypto_app/json_files/json_files'
08/06/2022 16:19:30 - root - INFO - [Errno 2] No such file or directory: '/Users/foxtrot/Desktop/command_line_crypto_app/command_line_crypto_app/json_files/json_files'
08/06/2022 16:19:30 - root - INFO - [Errno 2] No such file or directory: '/Users/foxtrot/Desktop/command_line_crypto_app/command_line_crypto_app/json_files/json_files'
08/06/2022 16:19:30 - root - INFO - [Errno 2] No such file or directory: '/Users/foxtrot/Desktop/command_line_crypto_app/command_line_crypto_app/json_files/json_files'
08/06/2022 16:19:30 - root - INFO - [Errno 2] No such file or directory: '/Users/foxtrot/Desktop/command_line_crypto_app/command_line_crypto_app/json_files/json_files'
08/06/2022 16:19:30 - root - INFO - [Errno 2] No such file or directory: '/Users/foxtrot/Desktop/command_line_crypto_app/command_line_crypto_app/json_files/json_files'
08/06/2022 16:19:30 - root - INFO - [Errno 2] No such file or directory: '/Users/foxtrot/Desktop/command_line_crypto_app/command_line_crypto_app/json_files/json_files'
08/06/2022 16:19:30 - root - INFO - [Errno 2] No such file or directory: '/Users/foxtrot/Desktop/command_line_crypto_app/command_line_crypto_app/json_files/json_files'
08/06/2022 16:19:31 - root - INFO - [Errno 2] No such file or directory: '/Users/foxtrot/Desktop/command_line_crypto_app/command_line_crypto_app/json_files/json_files'
08/06/2022 16:19:31 - root - INFO - [Errno 2] No such file or directory: '/Users/foxtrot/Desktop/command_line_crypto_app/command_line_crypto_app/json_files/json_files'
08/06/2022 16:19:31 - root - INFO - [Errno 2] No such file or directory: '/Users/foxtrot/Desktop/command_line_crypto_app/command_line_crypto_app/json_files/json_files'
08/06/2022 16:19:31 - root - INFO - [Errno 2] No such file or directory: '/Users/foxtrot/Desktop/command_line_crypto_app/command_line_crypto_app/json_files/json_files'
08/06/2022 16:19:31 - root - INFO - [Errno 2] No such file or directory: '/Users/foxtrot/Desktop/command_line_crypto_app/command_line_crypto_app/json_files/json_files'
08/06/2022 16:19:31 - root - INFO - [Errno 2] No such file or directory: '/Users/foxtrot/Desktop/command_line_crypto_app/command_line_crypto_app/json_files/json_files'
08/06/2022 16:19:31 - root - INFO - [Errno 2] No such file or directory: '/Users/foxtrot/Desktop/command_line_crypto_app/command_line_crypto_app/json_files/json_files'
08/06/2022 16:19:31 - root - INFO - [Errno 2] No such file or directory: '/Users/foxtrot/Desktop/command_line_crypto_app/command_line_crypto_app/json_files/json_files'
08/06/2022 16:19:31 - root - INFO - [Errno 2] No such file or directory: '/Users/foxtrot/Desktop/command_line_crypto_app/command_line_crypto_app/json_files/json_files'
08/06/2022 16:19:32 - root - INFO - [Errno 2] No such file or directory: '/Users/foxtrot/Desktop/command_line_crypto_app/command_line_crypto_app/json_files/json_files'
08/06/2022 16:19:32 - root - INFO - [Errno 2] No such file or directory: '/Users/foxtrot/Desktop/command_line_crypto_app/command_line_crypto_app/json_files/json_files'
08/06/2022 16:19:32 - root - INFO - [Errno 2] No such file or directory: '/Users/foxtrot/Desktop/command_line_crypto_app/command_line_crypto_app/json_files/json_files'
08/06/2022 16:19:32 - root - INFO - [Errno 2] No such file or directory: '/Users/foxtrot/Desktop/command_line_crypto_app/command_line_crypto_app/json_files/json_files'
08/06/2022 16:20:10 - root - INFO - name 'd' is not defined
08/06/2022 16:20:10 - root - INFO - name 'd' is not defined
08/06/2022 16:20:10 - root - INFO - name 'd' is not defined
08/06/2022 16:20:10 - root - INFO - name 'd' is not defined
08/06/2022 16:20:11 - root - INFO - name 'd' is not defined
08/06/2022 16:20:11 - root - INFO - name 'd' is not defined
08/06/2022 16:20:11 - root - INFO - name 'd' is not defined
08/06/2022 16:20:11 - root - INFO - name 'd' is not defined
08/06/2022 16:20:11 - root - INFO - name 'd' is not defined
08/06/2022 16:20:11 - root - INFO - name 'd' is not defined
08/06/2022 16:20:11 - root - INFO - name 'd' is not defined
08/06/2022 16:20:11 - root - INFO - name 'd' is not defined
08/06/2022 16:20:11 - root - INFO - name 'd' is not defined
08/06/2022 16:20:12 - root - INFO - name 'd' is not defined
08/06/2022 16:20:12 - root - INFO - name 'd' is not defined
08/06/2022 16:20:12 - root - INFO - name 'd' is not defined
08/06/2022 16:20:12 - root - INFO - name 'd' is not defined
08/06/2022 16:20:12 - root - INFO - name 'd' is not defined
08/06/2022 16:20:12 - root - INFO - name 'd' is not defined
08/06/2022 16:20:12 - root - INFO - name 'd' is not defined
08/06/2022 16:20:12 - root - INFO - name 'd' is not defined
08/06/2022 16:20:13 - root - INFO - name 'd' is not defined
08/06/2022 16:20:13 - root - INFO - name 'd' is not defined
08/06/2022 16:20:13 - root - INFO - name 'd' is not defined
08/06/2022 16:20:13 - root - INFO - name 'd' is not defined
08/06/2022 16:20:13 - root - INFO - name 'd' is not defined
08/06/2022 16:20:13 - root - INFO - name 'd' is not defined
08/06/2022 16:20:13 - root - INFO - name 'd' is not defined
08/06/2022 16:20:13 - root - INFO - name 'd' is not defined
08/06/2022 16:20:13 - root - INFO - name 'd' is not defined
08/06/2022 16:20:14 - root - INFO - name 'd' is not defined
08/06/2022 16:20:14 - root - INFO - name 'd' is not defined
08/06/2022 16:20:14 - root - INFO - name 'd' is not defined
08/06/2022 16:20:14 - root - INFO - name 'd' is not defined
08/06/2022 16:20:14 - root - INFO - name 'd' is not defined
08/06/2022 16:20:14 - root - INFO - name 'd' is not defined
08/06/2022 16:20:14 - root - INFO - name 'd' is not defined
08/06/2022 16:20:14 - root - INFO - name 'd' is not defined
08/06/2022 16:20:14 - root - INFO - name 'd' is not defined
08/06/2022 16:20:15 - root - INFO - name 'd' is not defined
08/06/2022 16:20:15 - root - INFO - name 'd' is not defined
08/06/2022 16:20:15 - root - INFO - name 'd' is not defined
08/06/2022 16:20:15 - root - INFO - name 'd' is not defined
08/06/2022 16:20:15 - root - INFO - name 'd' is not defined
08/06/2022 16:20:15 - root - INFO - name 'd' is not defined
08/06/2022 16:20:15 - root - INFO - name 'd' is not defined
08/06/2022 16:20:15 - root - INFO - name 'd' is not defined
08/06/2022 16:20:15 - root - INFO - name 'd' is not defined
08/06/2022 16:20:16 - root - INFO - name 'd' is not defined
08/06/2022 16:20:16 - root - INFO - name 'd' is not defined
08/06/2022 16:20:16 - root - INFO - name 'd' is not defined
08/06/2022 16:20:16 - root - INFO - name 'd' is not defined
08/06/2022 16:20:16 - root - INFO - name 'd' is not defined
08/06/2022 16:20:16 - root - INFO - name 'd' is not defined
08/06/2022 16:20:16 - root - INFO - name 'd' is not defined
08/06/2022 16:20:16 - root - INFO - name 'd' is not defined
08/06/2022 16:20:16 - root - INFO - name 'd' is not defined
08/06/2022 16:20:17 - root - INFO - name 'd' is not defined
08/06/2022 16:20:17 - root - INFO - name 'd' is not defined
08/06/2022 16:20:17 - root - INFO - name 'd' is not defined
08/06/2022 16:20:17 - root - INFO - name 'd' is not defined
08/06/2022 16:20:17 - root - INFO - name 'd' is not defined
08/06/2022 16:20:17 - root - INFO - name 'd' is not defined
08/06/2022 16:20:17 - root - INFO - name 'd' is not defined
08/06/2022 16:20:17 - root - INFO - name 'd' is not defined
08/06/2022 16:20:17 - root - INFO - name 'd' is not defined
08/06/2022 16:20:18 - root - INFO - name 'd' is not defined
08/06/2022 16:23:00 - root - INFO - name 'd' is not defined
08/06/2022 16:26:07 - root - INFO - name 'd' is not defined
08/06/2022 16:27:31 - root - INFO - name 'd' is not defined
08/06/2022 16:31:22 - root - INFO - name 'd' is not defined
08/06/2022 16:33:46 - root - INFO - 'id'
08/06/2022 16:33:46 - root - INFO - 'id'
08/06/2022 16:33:46 - root - INFO - 'id'
08/06/2022 16:33:47 - root - INFO - 'id'
08/06/2022 16:33:47 - root - INFO - 'id'
08/06/2022 16:33:47 - root - INFO - 'id'
08/06/2022 16:33:47 - root - INFO - 'id'
08/06/2022 16:33:47 - root - INFO - 'id'
08/06/2022 16:33:47 - root - INFO - 'id'
08/06/2022 16:33:47 - root - INFO - 'id'
08/06/2022 16:33:47 - root - INFO - 'id'
08/06/2022 16:33:48 - root - INFO - 'id'
08/06/2022 16:33:48 - root - INFO - 'id'
08/06/2022 16:33:48 - root - INFO - 'id'
08/06/2022 16:33:48 - root - INFO - 'id'
08/06/2022 16:33:48 - root - INFO - 'id'
08/06/2022 16:33:48 - root - INFO - 'id'
08/06/2022 16:33:48 - root - INFO - 'id'
08/06/2022 16:33:48 - root - INFO - 'id'
08/06/2022 16:33:48 - root - INFO - 'id'
08/06/2022 16:34:57 - root - INFO - 'id'
08/06/2022 16:34:57 - root - INFO - 'id'
08/06/2022 16:34:57 - root - INFO - 'id'
08/06/2022 16:34:58 - root - INFO - 'id'
08/06/2022 16:34:58 - root - INFO - 'id'
08/06/2022 16:34:58 - root - INFO - 'id'
08/06/2022 16:34:58 - root - INFO - 'id'
08/06/2022 16:34:58 - root - INFO - 'id'
08/06/2022 16:34:58 - root - INFO - 'id'
08/06/2022 16:34:58 - root - INFO - 'id'
08/06/2022 16:34:58 - root - INFO - 'id'
08/06/2022 16:34:58 - root - INFO - 'id'
08/06/2022 16:34:59 - root - INFO - 'id'
08/06/2022 16:34:59 - root - INFO - 'id'
08/06/2022 16:34:59 - root - INFO - 'id'
08/06/2022 16:34:59 - root - INFO - 'id'
08/06/2022 16:34:59 - root - INFO - 'id'
08/06/2022 16:34:59 - root - INFO - 'id'
08/06/2022 16:34:59 - root - INFO - 'id'
08/06/2022 16:34:59 - root - INFO - 'id'
08/06/2022 16:34:59 - root - INFO - 'id'
08/06/2022 16:35:00 - root - INFO - 'id'
08/06/2022 16:35:00 - root - INFO - 'id'
08/06/2022 16:35:00 - root - INFO - 'id'
08/06/2022 16:35:00 - root - INFO - 'id'
08/06/2022 16:35:00 - root - INFO - 'id'
08/06/2022 16:35:00 - root - INFO - 'id'
08/06/2022 16:35:00 - root - INFO - 'id'
08/06/2022 16:35:00 - root - INFO - 'id'
08/06/2022 16:35:00 - root - INFO - 'id'
08/06/2022 16:35:00 - root - INFO - 'id'
08/06/2022 16:35:01 - root - INFO - 'id'
08/06/2022 16:35:01 - root - INFO - 'id'
08/06/2022 16:35:01 - root - INFO - 'id'
08/06/2022 16:35:01 - root - INFO - 'id'
08/06/2022 16:35:01 - root - INFO - 'id'
08/06/2022 16:35:01 - root - INFO - 'id'
08/06/2022 16:35:01 - root - INFO - 'id'
08/06/2022 16:35:01 - root - INFO - 'id'
08/06/2022 16:35:01 - root - INFO - 'id'
08/06/2022 16:35:02 - root - INFO - 'id'
08/06/2022 16:35:02 - root - INFO - 'id'
08/06/2022 16:35:02 - root - INFO - 'id'
08/06/2022 16:35:02 - root - INFO - 'id'
08/06/2022 16:35:02 - root - INFO - 'id'
08/06/2022 16:35:02 - root - INFO - 'id'
08/06/2022 16:35:02 - root - INFO - 'id'
08/06/2022 16:35:02 - root - INFO - 'id'
08/06/2022 16:35:02 - root - INFO - 'id'
08/06/2022 16:35:03 - root - INFO - 'id'
08/06/2022 16:35:03 - root - INFO - 'id'
08/06/2022 16:35:03 - root - INFO - 'id'
08/06/2022 16:35:03 - root - INFO - 'id'
08/06/2022 16:35:03 - root - INFO - 'id'
08/06/2022 16:35:03 - root - INFO - 'id'
08/06/2022 16:35:03 - root - INFO - 'id'
08/06/2022 16:35:03 - root - INFO - 'id'
08/06/2022 16:35:04 - root - INFO - 'id'
08/06/2022 16:35:04 - root - INFO - 'id'
08/06/2022 16:35:04 - root - INFO - 'id'
08/06/2022 16:35:04 - root - INFO - 'id'
08/06/2022 16:35:04 - root - INFO - 'id'
08/06/2022 16:35:04 - root - INFO - 'id'
08/06/2022 16:35:04 - root - INFO - 'id'
08/06/2022 16:35:04 - root - INFO - 'id'
08/06/2022 16:35:04 - root - INFO - 'id'
08/06/2022 16:35:05 - root - INFO - 'id'
08/06/2022 16:43:28 - root - INFO - 'id'
08/06/2022 16:43:28 - root - INFO - 'id'
08/06/2022 16:43:28 - root - INFO - 'id'
08/06/2022 16:43:28 - root - INFO - 'id'
08/06/2022 16:43:28 - root - INFO - 'id'
08/06/2022 16:43:28 - root - INFO - 'id'
08/06/2022 16:43:29 - root - INFO - 'id'
08/06/2022 16:43:29 - root - INFO - 'id'
08/06/2022 16:43:29 - root - INFO - 'id'
08/06/2022 16:43:29 - root - INFO - 'id'
08/06/2022 16:43:29 - root - INFO - 'id'
08/06/2022 16:43:29 - root - INFO - 'id'
08/06/2022 16:43:29 - root - INFO - 'id'
08/06/2022 16:43:29 - root - INFO - 'id'
08/06/2022 16:43:30 - root - INFO - 'id'
08/06/2022 16:43:30 - root - INFO - 'id'
08/06/2022 16:43:30 - root - INFO - 'id'
08/06/2022 16:43:30 - root - INFO - 'id'
08/06/2022 16:43:30 - root - INFO - 'id'
08/06/2022 16:43:30 - root - INFO - 'id'
08/06/2022 16:43:30 - root - INFO - 'id'
08/06/2022 16:43:30 - root - INFO - 'id'
